09:48:23.874 [main] INFO  org.testng.internal.Utils - [TestNG] Time taken by org.testng.reporters.jq.Main@ec0c838: 109 ms
09:48:23.894 [main] INFO  org.testng.internal.Utils - [TestNG] Time taken by org.testng.reporters.FailedReporter@4b6166aa: 16 ms
09:48:23.912 [main] INFO  org.testng.internal.Utils - [TestNG] Time taken by org.testng.reporters.XMLReporter@49f5c307: 16 ms
09:48:23.926 [main] INFO  org.testng.internal.Utils - [TestNG] Time taken by org.testng.reporters.EmailableReporter2@32fe9d0a: 14 ms
09:48:23.940 [main] INFO  org.testng.internal.Utils - [TestNG] Time taken by org.testng.reporters.JUnitReportReporter@3b9d6699: 14 ms
09:48:23.941 [main] INFO  org.testng.internal.Utils - [TestNG] Time taken by org.testng.internal.ExitCodeListener@7caa550: 1 ms
09:51:32.721 [main] DEBUG org.testng.TestNG - suiteXmlPath: "C:\Users\M Raj Kumar\eclipse-workspace\Opencart_Ecommerce_Project\master.xml"
09:51:33.248 [main] INFO  org.testng.internal.Utils - [TestNG] Running:
  C:\Users\M Raj Kumar\eclipse-workspace\Opencart_Ecommerce_Project\master.xml

09:52:43.515 [main] DEBUG org.testng.TestNG - suiteXmlPath: "C:\Users\M Raj Kumar\eclipse-workspace\Opencart_Ecommerce_Project\master.xml"
09:52:44.041 [main] INFO  org.testng.internal.Utils - [TestNG] Running:
  C:\Users\M Raj Kumar\eclipse-workspace\Opencart_Ecommerce_Project\master.xml

09:56:18.389 [main] DEBUG org.testng.TestNG - suiteXmlPath: "C:\Users\M Raj Kumar\eclipse-workspace\Opencart_Ecommerce_Project\master.xml"
09:56:18.886 [main] INFO  org.testng.internal.Utils - [TestNG] Running:
  C:\Users\M Raj Kumar\eclipse-workspace\Opencart_Ecommerce_Project\master.xml

09:56:32.483 [main] INFO  testcases.Tc_002_LoginPage - Starting Login Test
12:07:58.933 [main] DEBUG org.testng.TestNG - suiteXmlPath: "C:\Users\M Raj Kumar\eclipse-workspace\Opencart_Ecommerce_Project\master.xml"
12:07:59.488 [main] INFO  org.testng.internal.Utils - [TestNG] Running:
  C:\Users\M Raj Kumar\eclipse-workspace\Opencart_Ecommerce_Project\master.xml

12:08:12.284 [main] INFO  testcases.Tc_002_LoginPage - Starting Login Test
12:14:37.403 [main] DEBUG org.testng.TestNG - suiteXmlPath: "C:\Users\M Raj Kumar\eclipse-workspace\Opencart_Ecommerce_Project\master.xml"
12:14:37.939 [main] INFO  org.testng.internal.Utils - [TestNG] Running:
  C:\Users\M Raj Kumar\eclipse-workspace\Opencart_Ecommerce_Project\master.xml

12:14:50.236 [main] INFO  testcases.Tc_002_LoginPage - Starting Login Test
12:31:03.769 [main] DEBUG org.testng.TestNG - suiteXmlPath: "C:\Users\MRAJKU~1\AppData\Local\Temp\testng-eclipse-2067084148\testng-customsuite.xml"
12:31:04.178 [main] INFO  org.testng.internal.Utils - [Utils] MethodGroupsHelper.collectMethodsByGroup() took 1 ms.
12:31:04.183 [main] INFO  org.testng.internal.Utils - [Utils] MethodGroupsHelper.sortMethods() took 2 ms.
12:31:04.185 [main] INFO  org.testng.internal.Utils - [Utils] MethodGroupsHelper.collectMethodsByGroup() took 0 ms.
12:31:04.185 [main] INFO  org.testng.internal.Utils - [Utils] MethodGroupsHelper.sortMethods() took 0 ms.
12:31:04.186 [main] INFO  org.testng.internal.Utils - [Utils] MethodGroupsHelper.collectMethodsByGroup() took 0 ms.
12:31:04.186 [main] INFO  org.testng.internal.Utils - [Utils] MethodGroupsHelper.sortMethods() took 0 ms.
12:31:04.187 [main] INFO  org.testng.internal.Utils - [Utils] MethodGroupsHelper.collectMethodsByGroup() took 0 ms.
12:31:04.188 [main] INFO  org.testng.internal.Utils - [Utils] MethodGroupsHelper.sortMethods() took 0 ms.
12:31:04.198 [main] INFO  org.testng.internal.Utils - [Utils] MethodGroupsHelper.collectMethodsByGroup() took 7 ms.
12:31:04.217 [main] INFO  org.testng.internal.Utils - [Utils] MethodGroupsHelper.sortMethods() took 18 ms.
12:31:04.220 [main] INFO  org.testng.internal.Utils - [Utils] MethodGroupsHelper.collectMethodsByGroup() took 1 ms.
12:31:04.220 [main] INFO  org.testng.internal.Utils - [Utils] MethodGroupsHelper.sortMethods() took 0 ms.
12:31:04.221 [main] INFO  org.testng.internal.Utils - [Utils] MethodGroupsHelper.collectMethodsByGroup() took 0 ms.
12:31:04.222 [main] INFO  org.testng.internal.Utils - [Utils] MethodGroupsHelper.sortMethods() took 0 ms.
12:31:04.222 [main] INFO  org.testng.internal.Utils - [Utils] MethodGroupsHelper.collectMethodsByGroup() took 0 ms.
12:31:04.222 [main] INFO  org.testng.internal.Utils - [Utils] MethodGroupsHelper.sortMethods() took 0 ms.
12:31:04.226 [main] INFO  org.testng.internal.Utils - [Utils] MethodGroupsHelper.collectMethodsByGroup() took 0 ms.
12:31:04.226 [main] INFO  org.testng.internal.Utils - [Utils] MethodGroupsHelper.sortMethods() took 0 ms.
12:31:04.227 [main] INFO  org.testng.internal.Utils - [Utils] MethodGroupsHelper.collectMethodsByGroup() took 0 ms.
12:31:04.228 [main] INFO  org.testng.internal.Utils - [Utils] MethodGroupsHelper.sortMethods() took 0 ms.
12:31:04.233 [main] INFO  org.testng.internal.Utils - [Utils] MethodGroupsHelper.collectMethodsByGroup() took 0 ms.
12:31:04.233 [main] INFO  org.testng.internal.Utils - [Utils] MethodGroupsHelper.sortMethods() took 0 ms.
